<?xml version="1.0" encoding="UTF-8"?>
<robot generator="Robot 5.0.1 (Python 3.11.4 on win32)" generated="20230816 01:36:18.182" rpa="false" schemaversion="3">
<suite id="s1" name="CalculatorFunctions" source="D:\Automation\Deriv-Automation-Task\Calculator-Task\Test\CalculatorFunctions.robot">
<test id="s1-t1" name="Open Application" line="7">
<kw name="Open Calculator Application" library="Resources">
<kw name="Open Application" library="AppiumLibrary">
<arg>http://localhost:4723/wd/hub</arg>
<arg>platformName=Android</arg>
<arg>platformVersion=13</arg>
<arg>deviceName=RFCT41PV3EN</arg>
<arg>automationName=uiautomator2</arg>
<arg>appPackage=com.google.android.calculator</arg>
<arg>appActivity=com.android.calculator2.Calculator</arg>
<doc>Opens a new application to given Appium server.
Capabilities of appium server, Android and iOS,
Please check https://github.com/appium/appium/blob/master/docs/en/writing-running-appium/server-args.md
| *Option*            | *Man.* | *Description*     |
| remote_url          | Yes    | Appium server url |
| alias               | no     | alias             |
| strict_ssl          | No     | allows you to send commands to an invalid certificate host like a self-signed one. |</doc>
<status status="PASS" starttime="20230816 01:36:18.372" endtime="20230816 01:36:29.516"/>
</kw>
<status status="PASS" starttime="20230816 01:36:18.372" endtime="20230816 01:36:29.516"/>
</kw>
<status status="PASS" starttime="20230816 01:36:18.372" endtime="20230816 01:36:29.516"/>
</test>
<test id="s1-t2" name="Validate Division" line="9">
<kw name="Validate Division" library="Resources">
<kw name="Wait Until Element Is Visible" library="AppiumLibrary">
<arg>${first_number}</arg>
<arg>timeout=10</arg>
<doc>Waits until element specified with `locator` is visible.</doc>
<msg timestamp="20230816 01:36:29.673" level="INFO">criteria is com.google.android.calculator:id/digit_8</msg>
<status status="PASS" starttime="20230816 01:36:29.516" endtime="20230816 01:36:29.673"/>
</kw>
<kw name="Click Element" library="AppiumLibrary">
<arg>${first_number}</arg>
<doc>Click element identified by `locator`.</doc>
<msg timestamp="20230816 01:36:29.680" level="INFO">Clicking element 'com.google.android.calculator:id/digit_8'.</msg>
<msg timestamp="20230816 01:36:30.456" level="INFO">criteria is com.google.android.calculator:id/digit_8</msg>
<status status="PASS" starttime="20230816 01:36:29.673" endtime="20230816 01:36:30.456"/>
</kw>
<kw name="Click Element" library="AppiumLibrary">
<arg>${operator_div}</arg>
<doc>Click element identified by `locator`.</doc>
<msg timestamp="20230816 01:36:30.458" level="INFO">Clicking element 'com.google.android.calculator:id/op_div'.</msg>
<msg timestamp="20230816 01:36:31.200" level="INFO">criteria is com.google.android.calculator:id/op_div</msg>
<status status="PASS" starttime="20230816 01:36:30.456" endtime="20230816 01:36:31.201"/>
</kw>
<kw name="Click Element" library="AppiumLibrary">
<arg>${second_number}</arg>
<doc>Click element identified by `locator`.</doc>
<msg timestamp="20230816 01:36:31.201" level="INFO">Clicking element 'com.google.android.calculator:id/digit_2'.</msg>
<msg timestamp="20230816 01:36:32.013" level="INFO">criteria is com.google.android.calculator:id/digit_2</msg>
<status status="PASS" starttime="20230816 01:36:31.201" endtime="20230816 01:36:32.016"/>
</kw>
<kw name="Element Should Contain Text" library="AppiumLibrary">
<arg>${result_field}</arg>
<arg>4</arg>
<doc>Verifies element identified by ``locator`` contains text ``expected``.</doc>
<msg timestamp="20230816 01:36:32.016" level="INFO">Verifying element 'com.google.android.calculator:id/result_preview' contains text '4'.</msg>
<msg timestamp="20230816 01:36:32.261" level="INFO">criteria is com.google.android.calculator:id/result_preview</msg>
<status status="PASS" starttime="20230816 01:36:32.016" endtime="20230816 01:36:32.261"/>
</kw>
<status status="PASS" starttime="20230816 01:36:29.516" endtime="20230816 01:36:32.269"/>
</kw>
<status status="PASS" starttime="20230816 01:36:29.516" endtime="20230816 01:36:32.270"/>
</test>
<test id="s1-t3" name="Validate Multiplication" line="11">
<kw name="Validate Multiplication" library="Resources">
<kw name="Wait Until Element Is Visible" library="AppiumLibrary">
<arg>${first_number}</arg>
<arg>timeout=10</arg>
<doc>Waits until element specified with `locator` is visible.</doc>
<msg timestamp="20230816 01:36:32.395" level="INFO">criteria is com.google.android.calculator:id/digit_8</msg>
<status status="PASS" starttime="20230816 01:36:32.270" endtime="20230816 01:36:32.395"/>
</kw>
<kw name="Click Element" library="AppiumLibrary">
<arg>${operator_clr}</arg>
<doc>Click element identified by `locator`.</doc>
<msg timestamp="20230816 01:36:32.395" level="INFO">Clicking element 'com.google.android.calculator:id/clr'.</msg>
<msg timestamp="20230816 01:36:33.195" level="INFO">criteria is com.google.android.calculator:id/clr</msg>
<status status="PASS" starttime="20230816 01:36:32.395" endtime="20230816 01:36:33.195"/>
</kw>
<kw name="Click Element" library="AppiumLibrary">
<arg>${first_number}</arg>
<doc>Click element identified by `locator`.</doc>
<msg timestamp="20230816 01:36:33.200" level="INFO">Clicking element 'com.google.android.calculator:id/digit_8'.</msg>
<msg timestamp="20230816 01:36:34.023" level="INFO">criteria is com.google.android.calculator:id/digit_8</msg>
<status status="PASS" starttime="20230816 01:36:33.195" endtime="20230816 01:36:34.023"/>
</kw>
<kw name="Click Element" library="AppiumLibrary">
<arg>${operator_mul}</arg>
<doc>Click element identified by `locator`.</doc>
<msg timestamp="20230816 01:36:34.026" level="INFO">Clicking element 'com.google.android.calculator:id/op_mul'.</msg>
<msg timestamp="20230816 01:36:34.861" level="INFO">criteria is com.google.android.calculator:id/op_mul</msg>
<status status="PASS" starttime="20230816 01:36:34.026" endtime="20230816 01:36:34.861"/>
</kw>
<kw name="Click Element" library="AppiumLibrary">
<arg>${second_number}</arg>
<doc>Click element identified by `locator`.</doc>
<msg timestamp="20230816 01:36:34.865" level="INFO">Clicking element 'com.google.android.calculator:id/digit_2'.</msg>
<msg timestamp="20230816 01:36:35.701" level="INFO">criteria is com.google.android.calculator:id/digit_2</msg>
<status status="PASS" starttime="20230816 01:36:34.861" endtime="20230816 01:36:35.705"/>
</kw>
<kw name="Element Should Contain Text" library="AppiumLibrary">
<arg>${result_field}</arg>
<arg>16</arg>
<doc>Verifies element identified by ``locator`` contains text ``expected``.</doc>
<msg timestamp="20230816 01:36:35.705" level="INFO">Verifying element 'com.google.android.calculator:id/result_preview' contains text '16'.</msg>
<msg timestamp="20230816 01:36:35.936" level="INFO">criteria is com.google.android.calculator:id/result_preview</msg>
<status status="PASS" starttime="20230816 01:36:35.705" endtime="20230816 01:36:35.936"/>
</kw>
<status status="PASS" starttime="20230816 01:36:32.270" endtime="20230816 01:36:35.936"/>
</kw>
<status status="PASS" starttime="20230816 01:36:32.270" endtime="20230816 01:36:35.936"/>
</test>
<test id="s1-t4" name="Validate Addition" line="13">
<kw name="Validate Addition" library="Resources">
<kw name="Wait Until Element Is Visible" library="AppiumLibrary">
<arg>${first_number}</arg>
<arg>timeout=10</arg>
<doc>Waits until element specified with `locator` is visible.</doc>
<msg timestamp="20230816 01:36:36.155" level="INFO">criteria is com.google.android.calculator:id/digit_8</msg>
<status status="PASS" starttime="20230816 01:36:35.946" endtime="20230816 01:36:36.171"/>
</kw>
<kw name="Click Element" library="AppiumLibrary">
<arg>${operator_clr}</arg>
<doc>Click element identified by `locator`.</doc>
<msg timestamp="20230816 01:36:36.172" level="INFO">Clicking element 'com.google.android.calculator:id/clr'.</msg>
<msg timestamp="20230816 01:36:36.919" level="INFO">criteria is com.google.android.calculator:id/clr</msg>
<status status="PASS" starttime="20230816 01:36:36.171" endtime="20230816 01:36:36.919"/>
</kw>
<kw name="Click Element" library="AppiumLibrary">
<arg>${first_number}</arg>
<doc>Click element identified by `locator`.</doc>
<msg timestamp="20230816 01:36:36.934" level="INFO">Clicking element 'com.google.android.calculator:id/digit_8'.</msg>
<msg timestamp="20230816 01:36:37.678" level="INFO">criteria is com.google.android.calculator:id/digit_8</msg>
<status status="PASS" starttime="20230816 01:36:36.934" endtime="20230816 01:36:37.678"/>
</kw>
<kw name="Click Element" library="AppiumLibrary">
<arg>${operator_add}</arg>
<doc>Click element identified by `locator`.</doc>
<msg timestamp="20230816 01:36:37.680" level="INFO">Clicking element 'com.google.android.calculator:id/op_add'.</msg>
<msg timestamp="20230816 01:36:38.448" level="INFO">criteria is com.google.android.calculator:id/op_add</msg>
<status status="PASS" starttime="20230816 01:36:37.679" endtime="20230816 01:36:38.449"/>
</kw>
<kw name="Click Element" library="AppiumLibrary">
<arg>${second_number}</arg>
<doc>Click element identified by `locator`.</doc>
<msg timestamp="20230816 01:36:38.452" level="INFO">Clicking element 'com.google.android.calculator:id/digit_2'.</msg>
<msg timestamp="20230816 01:36:39.243" level="INFO">criteria is com.google.android.calculator:id/digit_2</msg>
<status status="PASS" starttime="20230816 01:36:38.449" endtime="20230816 01:36:39.243"/>
</kw>
<kw name="Element Should Contain Text" library="AppiumLibrary">
<arg>${result_field}</arg>
<arg>10</arg>
<doc>Verifies element identified by ``locator`` contains text ``expected``.</doc>
<msg timestamp="20230816 01:36:39.247" level="INFO">Verifying element 'com.google.android.calculator:id/result_preview' contains text '10'.</msg>
<msg timestamp="20230816 01:36:39.473" level="INFO">criteria is com.google.android.calculator:id/result_preview</msg>
<status status="PASS" starttime="20230816 01:36:39.245" endtime="20230816 01:36:39.473"/>
</kw>
<status status="PASS" starttime="20230816 01:36:35.946" endtime="20230816 01:36:39.473"/>
</kw>
<status status="PASS" starttime="20230816 01:36:35.946" endtime="20230816 01:36:39.487"/>
</test>
<test id="s1-t5" name="Validate Subtraction" line="15">
<kw name="Validate Subtraction" library="Resources">
<kw name="Wait Until Element Is Visible" library="AppiumLibrary">
<arg>${first_number}</arg>
<arg>timeout=10</arg>
<doc>Waits until element specified with `locator` is visible.</doc>
<msg timestamp="20230816 01:36:39.691" level="INFO">criteria is com.google.android.calculator:id/digit_8</msg>
<status status="PASS" starttime="20230816 01:36:39.487" endtime="20230816 01:36:39.691"/>
</kw>
<kw name="Click Element" library="AppiumLibrary">
<arg>${operator_clr}</arg>
<doc>Click element identified by `locator`.</doc>
<msg timestamp="20230816 01:36:39.705" level="INFO">Clicking element 'com.google.android.calculator:id/clr'.</msg>
<msg timestamp="20230816 01:36:40.468" level="INFO">criteria is com.google.android.calculator:id/clr</msg>
<status status="PASS" starttime="20230816 01:36:39.691" endtime="20230816 01:36:40.472"/>
</kw>
<kw name="Click Element" library="AppiumLibrary">
<arg>${first_number}</arg>
<doc>Click element identified by `locator`.</doc>
<msg timestamp="20230816 01:36:40.473" level="INFO">Clicking element 'com.google.android.calculator:id/digit_8'.</msg>
<msg timestamp="20230816 01:36:41.240" level="INFO">criteria is com.google.android.calculator:id/digit_8</msg>
<status status="PASS" starttime="20230816 01:36:40.472" endtime="20230816 01:36:41.240"/>
</kw>
<kw name="Click Element" library="AppiumLibrary">
<arg>${operator_sub}</arg>
<doc>Click element identified by `locator`.</doc>
<msg timestamp="20230816 01:36:41.242" level="INFO">Clicking element 'com.google.android.calculator:id/op_sub'.</msg>
<msg timestamp="20230816 01:36:42.018" level="INFO">criteria is com.google.android.calculator:id/op_sub</msg>
<status status="PASS" starttime="20230816 01:36:41.240" endtime="20230816 01:36:42.018"/>
</kw>
<kw name="Click Element" library="AppiumLibrary">
<arg>${second_number}</arg>
<doc>Click element identified by `locator`.</doc>
<msg timestamp="20230816 01:36:42.018" level="INFO">Clicking element 'com.google.android.calculator:id/digit_2'.</msg>
<msg timestamp="20230816 01:36:42.795" level="INFO">criteria is com.google.android.calculator:id/digit_2</msg>
<status status="PASS" starttime="20230816 01:36:42.018" endtime="20230816 01:36:42.795"/>
</kw>
<kw name="Element Should Contain Text" library="AppiumLibrary">
<arg>${result_field}</arg>
<arg>6</arg>
<doc>Verifies element identified by ``locator`` contains text ``expected``.</doc>
<msg timestamp="20230816 01:36:42.795" level="INFO">Verifying element 'com.google.android.calculator:id/result_preview' contains text '6'.</msg>
<msg timestamp="20230816 01:36:43.027" level="INFO">criteria is com.google.android.calculator:id/result_preview</msg>
<status status="PASS" starttime="20230816 01:36:42.795" endtime="20230816 01:36:43.027"/>
</kw>
<status status="PASS" starttime="20230816 01:36:39.487" endtime="20230816 01:36:43.027"/>
</kw>
<status status="PASS" starttime="20230816 01:36:39.487" endtime="20230816 01:36:43.037"/>
</test>
<status status="PASS" starttime="20230816 01:36:18.182" endtime="20230816 01:36:43.037"/>
</suite>
<statistics>
<total>
<stat pass="5" fail="0" skip="0">All Tests</stat>
</total>
<tag>
</tag>
<suite>
<stat pass="5" fail="0" skip="0" id="s1" name="CalculatorFunctions">CalculatorFunctions</stat>
</suite>
</statistics>
<errors>
</errors>
</robot>
